<?xml version="1.0" encoding="UTF-8"?>
<!-- Generated by org.testng.reporters.JUnitReportReporter -->
<testsuite hostname="AQMIT-DSK-10113" failures="0" tests="1" name="page_object.Runner" time="14.508" errors="0" timestamp="2022-09-22T10:53:53 IST" skipped="0">
  <testcase classname="page_object.Runner" name="RunSearchFlight" time="14.508"/>
  <system-out/>
</testsuite> <!-- page_object.Runner -->
