<?xml version="1.0" encoding="UTF-8"?>
<!-- Generated by org.testng.reporters.JUnitReportReporter -->
<testsuite hostname="AQMIT-DSK-10113" failures="0" tests="1" name="Utilities.BaseClass" time="7.265" errors="0" timestamp="2022-09-15T11:00:44 IST" skipped="0">
  <testcase classname="Utilities.BaseClass" name="test" time="7.265"/>
  <system-out/>
</testsuite> <!-- Utilities.BaseClass -->
