<?xml version="1.0" encoding="UTF-8"?>
<!-- Generated by org.testng.reporters.JUnitReportReporter -->
<testsuite hostname="AQMIT-DSK-10113" failures="0" tests="1" name="Utilities.BaseClass1" time="7.153" errors="0" timestamp="2022-09-15T10:48:00 IST" skipped="0">
  <testcase classname="Utilities.BaseClass1" name="test" time="7.153"/>
  <system-out/>
</testsuite> <!-- Utilities.BaseClass1 -->
